<?xml version="1.0" encoding="UTF-8"?>
<testsuite xmlns:xsi="http://www.w3.org/2001/XMLSchema-instance" xsi:noNamespaceSchemaLocation="https://maven.apache.org/surefire/maven-surefire-plugin/xsd/surefire-test-report.xsd" name="com.ud.ag.todo.TodoApplicationTests" time="4.325" tests="8" errors="0" skipped="0" failures="0">
  <properties>
[...]
</properties>
  <testcase name="getTodoItemByIdWithValidIdShouldReturnTodoItem" classname="com.ud.ag.todo.TodoApplicationTests" time="0.261"/>
  <testcase name="getTodoItemByIdWithInValidIdShouldReturnNotFound" classname="com.ud.ag.todo.TodoApplicationTests" time="0.013"/>
  <testcase name="updateTodoItemWithTooLargeTextShouldReturnValidationError" classname="com.ud.ag.todo.TodoApplicationTests" time="0.105"/>
  <testcase name="createTodoItemWithTextSizeGreaterThanFiftyShouldReturnValidationError" classname="com.ud.ag.todo.TodoApplicationTests" time="0.02"/>
  <testcase name="createTodoItemWithValidEntityShouldReturnTheNewTodoItem" classname="com.ud.ag.todo.TodoApplicationTests" time="0.026"/>
  <testcase name="createTodoItemWithEmptyTextShouldReturnValidationError" classname="com.ud.ag.todo.TodoApplicationTests" time="0.024"/>
  <testcase name="updateTodoItemWithValidEntityShouldReturnTheUpdatedTodoItem" classname="com.ud.ag.todo.TodoApplicationTests" time="0.022"/>
  <testcase name="updateTodoItemWithInvalidIdShouldReturnNotFound" classname="com.ud.ag.todo.TodoApplicationTests" time="0.026"/>
</testsuite>