<?xml version="1.0" encoding="UTF-8"?>
<testsuite xmlns:xsi="http://www.w3.org/2001/XMLSchema-instance" xsi:noNamespaceSchemaLocation="https://maven.apache.org/surefire/maven-surefire-plugin/xsd/surefire-test-report.xsd" name="com.ud.ag.todo.TodoApplicationTests" time="4.497" tests="5" errors="0" skipped="0" failures="0">
  <properties>
[...]
</properties>
  <testcase name="getTodoItemByIdWithValidIdShouldReturnTodoItem" classname="com.ud.ag.todo.TodoApplicationTests" time="0.319"/>
  <testcase name="getTodoItemByIdWithInValidIdShouldReturnNotFound" classname="com.ud.ag.todo.TodoApplicationTests" time="0.016"/>
  <testcase name="createTodoItemWithTextSizeGreaterThanFiftyShouldReturnValidationError" classname="com.ud.ag.todo.TodoApplicationTests" time="0.112"/>
  <testcase name="createTodoItemWithValidEntityShouldReturnTheNewTodoItem" classname="com.ud.ag.todo.TodoApplicationTests" time="0.022"/>
  <testcase name="createTodoItemWithEmptyTextShouldReturnValidationError" classname="com.ud.ag.todo.TodoApplicationTests" time="0.022"/>
</testsuite>